#
# There is insufficient memory for the Java Runtime Environment to continue.
# Native memory allocation (malloc) failed to allocate 1784064 bytes for Chunk::new
# Possible reasons:
#   The system is out of physical RAM or swap space
#   In 32 bit mode, the process size limit was hit
# Possible solutions:
#   Reduce memory load on the system
#   Increase physical memory or swap space
#   Check if swap backing store is full
#   Use 64 bit Java on a 64 bit OS
#   Decrease Java heap size (-Xmx/-Xms)
#   Decrease number of Java threads
#   Decrease Java thread stack sizes (-Xss)
#   Set larger code cache with -XX:ReservedCodeCacheSize=
# This output file may be truncated or incomplete.
#
#  Out of Memory Error (allocation.cpp:323), pid=3540, tid=6564
#
# JRE version: Java(TM) SE Runtime Environment (7.0_67-b01) (build 1.7.0_67-b01)
# Java VM: Java HotSpot(TM) 64-Bit Server VM (24.65-b04 mixed mode windows-amd64 compressed oops)
# Failed to write core dump. Minidumps are not enabled by default on client versions of Windows
#

---------------  T H R E A D  ---------------

Current thread (0x00000000089b0800):  JavaThread "C2 CompilerThread1" daemon [_thread_in_native, id=6564, stack(0x000000000a010000,0x000000000a110000)]

Stack: [0x000000000a010000,0x000000000a110000]
[error occurred during error reporting (printing stack bounds), id 0xc0000005]


[error occurred during error reporting (printing native stack), id 0xc0000005]


Current CompileTask:
C2:  18480  853   !         com.android.dx.dex.cf.CfTranslator::processMethods (583 bytes)


---------------  P R O C E S S  ---------------

Java Threads: ( => current thread )
  0x000000000a4f6800 JavaThread "pool-2-thread-4" [_thread_blocked, id=4780, stack(0x000000000ab10000,0x000000000ac10000)]
  0x000000000a4f8800 JavaThread "pool-2-thread-3" [_thread_blocked, id=5656, stack(0x000000000aa10000,0x000000000ab10000)]
  0x000000000a4be000 JavaThread "pool-2-thread-2" [_thread_blocked, id=4900, stack(0x000000000a910000,0x000000000aa10000)]
  0x000000000a4b7000 JavaThread "pool-3-thread-1" [_thread_blocked, id=2804, stack(0x000000000a810000,0x000000000a910000)]
  0x000000000a4b6000 JavaThread "pool-2-thread-1" [_thread_blocked, id=8068, stack(0x000000000a710000,0x000000000a810000)]
  0x00000000089b1000 JavaThread "Service Thread" daemon [_thread_blocked, id=5648, stack(0x000000000a110000,0x000000000a210000)]
=>0x00000000089b0800 JavaThread "C2 CompilerThread1" daemon [_thread_in_native, id=6564, stack(0x000000000a010000,0x000000000a110000)]
  0x00000000089ad000 JavaThread "C2 CompilerThread0" daemon [_thread_blocked, id=2320, stack(0x0000000009f10000,0x000000000a010000)]
  0x00000000089ac000 JavaThread "Attach Listener" daemon [_thread_blocked, id=6428, stack(0x0000000009e10000,0x0000000009f10000)]
  0x00000000089a9000 JavaThread "Signal Dispatcher" daemon [_thread_blocked, id=4192, stack(0x0000000009d10000,0x0000000009e10000)]
  0x0000000008971000 JavaThread "Finalizer" daemon [_thread_blocked, id=8496, stack(0x0000000009c10000,0x0000000009d10000)]
  0x0000000008969000 JavaThread "Reference Handler" daemon [_thread_blocked, id=6692, stack(0x0000000009b10000,0x0000000009c10000)]
  0x00000000029a0800 JavaThread "main" [_thread_blocked, id=8872, stack(0x0000000001150000,0x0000000001250000)]

Other Threads:
  0x0000000008960800 VMThread [stack: 0x0000000009a10000,0x0000000009b10000] [id=1204]
  0x00000000089c9800 WatcherThread [stack: 0x000000000a210000,0x000000000a310000] [id=7672]

VM state:at safepoint (normal execution)

VM Mutex/Monitor currently owned by a thread:  ([mutex/lock_event])
[0x0000000002b9c430] Threads_lock - owner thread: 0x0000000008960800
[0x0000000002b9c1b0] Heap_lock - owner thread: 0x000000000a4f6800

Heap
 PSYoungGen      total 139776K, used 124928K [0x00000000eaa80000, 0x00000000fd080000, 0x0000000100000000)
  eden space 124928K, 100% used [0x00000000eaa80000,0x00000000f2480000,0x00000000f2480000)
  from space 14848K, 0% used [0x00000000f2480000,0x00000000f2480000,0x00000000f3300000)
  to   space 25600K, 0% used [0x00000000fb780000,0x00000000fb780000,0x00000000fd080000)
 ParOldGen       total 41984K, used 41916K [0x00000000c0000000, 0x00000000c2900000, 0x00000000eaa80000)
  object space 41984K, 99% used [0x00000000c0000000,0x00000000c28ef258,0x00000000c2900000)
 PSPermGen       total 21504K, used 6033K [0x00000000bae00000, 0x00000000bc300000, 0x00000000c0000000)
  object space 21504K, 28% used [0x00000000bae00000,0x00000000bb3e46b8,0x00000000bc300000)

Card table byte_map: [0x0000000005ba0000,0x0000000005dd0000] byte_map_base: 0x00000000055c9000

Polling page: 0x0000000001250000

Code Cache  [0x0000000002ba0000, 0x0000000002ee0000, 0x0000000005ba0000)
 total_blobs=1137 nmethods=901 adapters=189 free_code_cache=46107Kb largest_free_block=46973248

Compilation events (10 events):
Event: 17.291 Thread 0x00000000089ad000 nmethod 920 0x0000000002d27d90 code [0x0000000002d27ec0, 0x0000000002d27f38]
Event: 17.291 Thread 0x00000000089ad000  921             com.android.dx.cf.code.ByteCatchList::byteLength (10 bytes)
Event: 17.292 Thread 0x00000000089ad000 nmethod 921 0x0000000002d27b50 code [0x0000000002d27c80, 0x0000000002d27cf8]
Event: 17.292 Thread 0x00000000089ad000  922             com.android.dx.rop.cst.CstBaseMethodRef::getParameterWordCount (12 bytes)
Event: 17.300 Thread 0x00000000089ad000 nmethod 922 0x0000000002d27410 code [0x0000000002d27580, 0x0000000002d27888]
Event: 17.300 Thread 0x00000000089ad000  923             com.android.dx.cf.iface.StdMember::getName (8 bytes)
Event: 17.301 Thread 0x00000000089ad000 nmethod 923 0x0000000002d257d0 code [0x0000000002d25900, 0x0000000002d25978]
Event: 17.301 Thread 0x00000000089ad000  924   !         com.android.dx.cf.code.Ropper::convert (52 bytes)
Event: 17.898 Thread 0x00000000089ad000 nmethod 924 0x0000000002cc1010 code [0x0000000002cc12e0, 0x0000000002cc2db0]
Event: 17.899 Thread 0x00000000089ad000  925             com.android.dx.cf.code.Ropper::<init> (213 bytes)

GC Heap History (10 events):
Event: 14.661 GC heap after
Heap after GC invocations=15 (full 8):
 PSYoungGen      total 139776K, used 87445K [0x00000000eaa80000, 0x00000000fd080000, 0x0000000100000000)
  eden space 124928K, 69% used [0x00000000eaa80000,0x00000000effe5478,0x00000000f2480000)
  from space 14848K, 0% used [0x00000000f2480000,0x00000000f2480000,0x00000000f3300000)
  to   space 25600K, 0% used [0x00000000fb780000,0x00000000fb780000,0x00000000fd080000)
 ParOldGen       total 41984K, used 41916K [0x00000000c0000000, 0x00000000c2900000, 0x00000000eaa80000)
  object space 41984K, 99% used [0x00000000c0000000,0x00000000c28ef258,0x00000000c2900000)
 PSPermGen       total 21504K, used 6015K [0x00000000bae00000, 0x00000000bc300000, 0x00000000c0000000)
  object space 21504K, 27% used [0x00000000bae00000,0x00000000bb3dfe18,0x00000000bc300000)
}
Event: 14.826 GC heap before
{Heap before GC invocations=16 (full 9):
 PSYoungGen      total 139776K, used 124928K [0x00000000eaa80000, 0x00000000fd080000, 0x0000000100000000)
  eden space 124928K, 100% used [0x00000000eaa80000,0x00000000f2480000,0x00000000f2480000)
  from space 14848K, 0% used [0x00000000f2480000,0x00000000f2480000,0x00000000f3300000)
  to   space 25600K, 0% used [0x00000000fb780000,0x00000000fb780000,0x00000000fd080000)
 ParOldGen       total 41984K, used 41916K [0x00000000c0000000, 0x00000000c2900000, 0x00000000eaa80000)
  object space 41984K, 99% used [0x00000000c0000000,0x00000000c28ef258,0x00000000c2900000)
 PSPermGen       total 21504K, used 6019K [0x00000000bae00000, 0x00000000bc300000, 0x00000000c0000000)
  object space 21504K, 27% used [0x00000000bae00000,0x00000000bb3e0e28,0x00000000bc300000)
Event: 15.613 GC heap after
Heap after GC invocations=16 (full 9):
 PSYoungGen      total 139776K, used 93131K [0x00000000eaa80000, 0x00000000fd080000, 0x0000000100000000)
  eden space 124928K, 74% used [0x00000000eaa80000,0x00000000f0572fd8,0x00000000f2480000)
  from space 14848K, 0% used [0x00000000f2480000,0x00000000f2480000,0x00000000f3300000)
  to   space 25600K, 0% used [0x00000000fb780000,0x00000000fb780000,0x00000000fd080000)
 ParOldGen       total 41984K, used 41916K [0x00000000c0000000, 0x00000000c2900000, 0x00000000eaa80000)
  object space 41984K, 99% used [0x00000000c0000000,0x00000000c28ef258,0x00000000c2900000)
 PSPermGen       total 21504K, used 6019K [0x00000000bae00000, 0x00000000bc300000, 0x00000000c0000000)
  object space 21504K, 27% used [0x00000000bae00000,0x00000000bb3e0de8,0x00000000bc300000)
}
Event: 15.764 GC heap before
{Heap before GC invocations=17 (full 10):
 PSYoungGen      total 139776K, used 124928K [0x00000000eaa80000, 0x00000000fd080000, 0x0000000100000000)
  eden space 124928K, 100% used [0x00000000eaa80000,0x00000000f2480000,0x00000000f2480000)
  from space 14848K, 0% used [0x00000000f2480000,0x00000000f2480000,0x00000000f3300000)
  to   space 25600K, 0% used [0x00000000fb780000,0x00000000fb780000,0x00000000fd080000)
 ParOldGen       total 41984K, used 41916K [0x00000000c0000000, 0x00000000c2900000, 0x00000000eaa80000)
  object space 41984K, 99% used [0x00000000c0000000,0x00000000c28ef258,0x00000000c2900000)
 PSPermGen       total 21504K, used 6023K [0x00000000bae00000, 0x00000000bc300000, 0x00000000c0000000)
  object space 21504K, 28% used [0x00000000bae00000,0x00000000bb3e1d78,0x00000000bc300000)
Event: 16.382 GC heap after
Heap after GC invocations=17 (full 10):
 PSYoungGen      total 139776K, used 98077K [0x00000000eaa80000, 0x00000000fd080000, 0x0000000100000000)
  eden space 124928K, 78% used [0x00000000eaa80000,0x00000000f0a47798,0x00000000f2480000)
  from space 14848K, 0% used [0x00000000f2480000,0x00000000f2480000,0x00000000f3300000)
  to   space 25600K, 0% used [0x00000000fb780000,0x00000000fb780000,0x00000000fd080000)
 ParOldGen       total 41984K, used 41916K [0x00000000c0000000, 0x00000000c2900000, 0x00000000eaa80000)
  object space 41984K, 99% used [0x00000000c0000000,0x00000000c28ef258,0x00000000c2900000)
 PSPermGen       total 21504K, used 6023K [0x00000000bae00000, 0x00000000bc300000, 0x00000000c0000000)
  object space 21504K, 28% used [0x00000000bae00000,0x00000000bb3e1d78,0x00000000bc300000)
}
Event: 16.549 GC heap before
{Heap before GC invocations=18 (full 11):
 PSYoungGen      total 139776K, used 124928K [0x00000000eaa80000, 0x00000000fd080000, 0x0000000100000000)
  eden space 124928K, 100% used [0x00000000eaa80000,0x00000000f2480000,0x00000000f2480000)
  from space 14848K, 0% used [0x00000000f2480000,0x00000000f2480000,0x00000000f3300000)
  to   space 25600K, 0% used [0x00000000fb780000,0x00000000fb780000,0x00000000fd080000)
 ParOldGen       total 41984K, used 41916K [0x00000000c0000000, 0x00000000c2900000, 0x00000000eaa80000)
  object space 41984K, 99% used [0x00000000c0000000,0x00000000c28ef258,0x00000000c2900000)
 PSPermGen       total 21504K, used 6027K [0x00000000bae00000, 0x00000000bc300000, 0x00000000c0000000)
  object space 21504K, 28% used [0x00000000bae00000,0x00000000bb3e2da8,0x00000000bc300000)
Event: 17.249 GC heap after
Heap after GC invocations=18 (full 11):
 PSYoungGen      total 139776K, used 102581K [0x00000000eaa80000, 0x00000000fd080000, 0x0000000100000000)
  eden space 124928K, 82% used [0x00000000eaa80000,0x00000000f0ead690,0x00000000f2480000)
  from space 14848K, 0% used [0x00000000f2480000,0x00000000f2480000,0x00000000f3300000)
  to   space 25600K, 0% used [0x00000000fb780000,0x00000000fb780000,0x00000000fd080000)
 ParOldGen       total 41984K, used 41916K [0x00000000c0000000, 0x00000000c2900000, 0x00000000eaa80000)
  object space 41984K, 99% used [0x00000000c0000000,0x00000000c28ef258,0x00000000c2900000)
 PSPermGen       total 21504K, used 6027K [0x00000000bae00000, 0x00000000bc300000, 0x00000000c0000000)
  object space 21504K, 28% used [0x00000000bae00000,0x00000000bb3e2da8,0x00000000bc300000)
}
Event: 17.342 GC heap before
{Heap before GC invocations=19 (full 12):
 PSYoungGen      total 139776K, used 124928K [0x00000000eaa80000, 0x00000000fd080000, 0x0000000100000000)
  eden space 124928K, 100% used [0x00000000eaa80000,0x00000000f2480000,0x00000000f2480000)
  from space 14848K, 0% used [0x00000000f2480000,0x00000000f2480000,0x00000000f3300000)
  to   space 25600K, 0% used [0x00000000fb780000,0x00000000fb780000,0x00000000fd080000)
 ParOldGen       total 41984K, used 41916K [0x00000000c0000000, 0x00000000c2900000, 0x00000000eaa80000)
  object space 41984K, 99% used [0x00000000c0000000,0x00000000c28ef258,0x00000000c2900000)
 PSPermGen       total 21504K, used 6032K [0x00000000bae00000, 0x00000000bc300000, 0x00000000c0000000)
  object space 21504K, 28% used [0x00000000bae00000,0x00000000bb3e43f0,0x00000000bc300000)
Event: 17.894 GC heap after
Heap after GC invocations=19 (full 12):
 PSYoungGen      total 139776K, used 105370K [0x00000000eaa80000, 0x00000000fd080000, 0x0000000100000000)
  eden space 124928K, 84% used [0x00000000eaa80000,0x00000000f11669b8,0x00000000f2480000)
  from space 14848K, 0% used [0x00000000f2480000,0x00000000f2480000,0x00000000f3300000)
  to   space 25600K, 0% used [0x00000000fb780000,0x00000000fb780000,0x00000000fd080000)
 ParOldGen       total 41984K, used 41916K [0x00000000c0000000, 0x00000000c2900000, 0x00000000eaa80000)
  object space 41984K, 99% used [0x00000000c0000000,0x00000000c28ef258,0x00000000c2900000)
 PSPermGen       total 21504K, used 6032K [0x00000000bae00000, 0x00000000bc300000, 0x00000000c0000000)
  object space 21504K, 28% used [0x00000000bae00000,0x00000000bb3e43b0,0x00000000bc300000)
}
Event: 17.975 GC heap before
{Heap before GC invocations=20 (full 13):
 PSYoungGen      total 139776K, used 124928K [0x00000000eaa80000, 0x00000000fd080000, 0x0000000100000000)
  eden space 124928K, 100% used [0x00000000eaa80000,0x00000000f2480000,0x00000000f2480000)
  from space 14848K, 0% used [0x00000000f2480000,0x00000000f2480000,0x00000000f3300000)
  to   space 25600K, 0% used [0x00000000fb780000,0x00000000fb780000,0x00000000fd080000)
 ParOldGen       total 41984K, used 41916K [0x00000000c0000000, 0x00000000c2900000, 0x00000000eaa80000)
  object space 41984K, 99% used [0x00000000c0000000,0x00000000c28ef258,0x00000000c2900000)
 PSPermGen       total 21504K, used 6033K [0x00000000bae00000, 0x00000000bc300000, 0x00000000c0000000)
  object space 21504K, 28% used [0x00000000bae00000,0x00000000bb3e46b8,0x00000000bc300000)

Deoptimization events (10 events):
Event: 11.864 Thread 0x000000000a4be000 Uncommon trap: reason=unreached action=reinterpret pc=0x0000000002c3976c method=com.android.dx.ssa.MoveParamCombiner$1.visitNonMoveInsn(Lcom/android/dx/ssa/NormalSsaInsn;)V @ 27
Event: 11.880 Thread 0x000000000a4be000 Uncommon trap: reason=class_check action=maybe_recompile pc=0x0000000002d506a8 method=com.android.dx.ssa.back.FirstFitLocalCombiningAllocator.findNextUnreservedRopReg(IILcom/android/dx/ssa/back/FirstFitLocalCombiningAllocator$Alignment;)I @ 60
Event: 11.902 Thread 0x00000000029a0800 Uncommon trap: reason=bimorphic action=maybe_recompile pc=0x0000000002d1c410 method=com.android.dx.ssa.LiteralOpUpgrader.tryReplacingWithConstant(Lcom/android/dx/ssa/NormalSsaInsn;)Z @ 62
Event: 11.952 Thread 0x000000000a4be000 Uncommon trap: reason=class_check action=maybe_recompile pc=0x0000000002d6ec8c method=com.android.dx.ssa.SCCP.replaceConstants()V @ 182
Event: 11.960 Thread 0x000000000a4be000 Uncommon trap: reason=class_check action=maybe_recompile pc=0x0000000002d6ec8c method=com.android.dx.ssa.SCCP.replaceConstants()V @ 182
Event: 12.652 Thread 0x000000000a4f8800 Uncommon trap: reason=bimorphic action=maybe_recompile pc=0x0000000002d1c410 method=com.android.dx.ssa.LiteralOpUpgrader.tryReplacingWithConstant(Lcom/android/dx/ssa/NormalSsaInsn;)Z @ 62
Event: 13.242 Thread 0x000000000a4f6800 Uncommon trap: reason=unreached action=reinterpret pc=0x0000000002e4eeb8 method=com.android.dx.cf.code.BasicBlocker.visitNoArgs(IIILcom/android/dx/rop/type/Type;)V @ 277
Event: 13.244 Thread 0x000000000a4f6800 Uncommon trap: reason=bimorphic action=maybe_recompile pc=0x0000000002d1c410 method=com.android.dx.ssa.LiteralOpUpgrader.tryReplacingWithConstant(Lcom/android/dx/ssa/NormalSsaInsn;)Z @ 62
Event: 13.250 Thread 0x000000000a4f6800 Uncommon trap: reason=bimorphic action=maybe_recompile pc=0x0000000002d1c410 method=com.android.dx.ssa.LiteralOpUpgrader.tryReplacingWithConstant(Lcom/android/dx/ssa/NormalSsaInsn;)Z @ 62
Event: 14.785 Thread 0x000000000a4f8800 Uncommon trap: reason=class_check action=maybe_recompile pc=0x0000000002d884c0 method=com.android.dx.cf.code.RopperMachine.run(Lcom/android/dx/cf/code/Frame;II)V @ 1024

Internal exceptions (10 events):
Event: 1.782 Thread 0x00000000029a0800 Implicit null exception at 0x0000000002c5b1bb to 0x0000000002c5b889
Event: 1.789 Thread 0x00000000029a0800 Threw 0x00000000ebc989c0 at C:\re\jdk7u67\1368\hotspot\src\share\vm\prims\jvm.cpp:1244
Event: 1.851 Thread 0x00000000029a0800 Threw 0x00000000ebeb9348 at C:\re\jdk7u67\1368\hotspot\src\share\vm\prims\jvm.cpp:1244
Event: 2.306 Thread 0x000000000a4f6800 Implicit null exception at 0x0000000002c799dc to 0x0000000002c7a925
Event: 3.505 Thread 0x00000000029a0800 Threw 0x00000000ec70fb40 at C:\re\jdk7u67\1368\hotspot\src\share\vm\prims\jvm.cpp:1244
Event: 3.748 Thread 0x00000000029a0800 Threw 0x00000000eb038158 at C:\re\jdk7u67\1368\hotspot\src\share\vm\prims\jvm.cpp:1244
Event: 4.454 Thread 0x000000000a4f6800 Threw 0x00000000ec8f99f0 at C:\re\jdk7u67\1368\hotspot\src\share\vm\prims\jvm.cpp:1244
Event: 4.875 Thread 0x00000000029a0800 Threw 0x00000000edf22758 at C:\re\jdk7u67\1368\hotspot\src\share\vm\prims\jvm.cpp:1244
Event: 9.690 Thread 0x00000000029a0800 Threw 0x00000000ed49d930 at C:\re\jdk7u67\1368\hotspot\src\share\vm\prims\jvm.cpp:1244
Event: 14.103 Thread 0x000000000a4b6000 Threw 0x00000000f1e3ad90 at C:\re\jdk7u67\1368\hotspot\src\share\vm\prims\jvm.cpp:1244

Events (10 events):
Event: 16.429 Thread 0x00000000089ad000 flushing nmethod 0x0000000002c23390
Event: 16.464 Thread 0x00000000089ad000 flushing nmethod 0x0000000002cbb190
Event: 16.475 Thread 0x00000000089ad000 flushing nmethod 0x0000000002d14050
Event: 16.475 Thread 0x00000000089ad000 flushing nmethod 0x0000000002d23dd0
Event: 16.505 Thread 0x00000000089ad000 flushing nmethod 0x0000000002e88710
Event: 16.549 Executing VM operation: ParallelGCFailedAllocation
Event: 17.249 Executing VM operation: ParallelGCFailedAllocation done
Event: 17.342 Executing VM operation: ParallelGCFailedAllocation
Event: 17.894 Executing VM operation: ParallelGCFailedAllocation done
Event: 17.974 Executing VM operation: ParallelGCFailedAllocation


Dynamic libraries:
0x00007ff69ae10000 - 0x00007ff69ae43000 	C:\Program Files\Java\jdk1.7.0_67\bin\java.exe
0x00007ffdc3de0000 - 0x00007ffdc3fb1000 	C:\WINDOWS\SYSTEM32\ntdll.dll
0x00007ffdc3230000 - 0x00007ffdc32dc000 	C:\WINDOWS\System32\KERNEL32.DLL
0x00007ffdc05a0000 - 0x00007ffdc07bd000 	C:\WINDOWS\System32\KERNELBASE.dll
0x00007ffdc38c0000 - 0x00007ffdc3962000 	C:\WINDOWS\System32\ADVAPI32.dll
0x00007ffdc32e0000 - 0x00007ffdc337e000 	C:\WINDOWS\System32\msvcrt.dll
0x00007ffdc3d10000 - 0x00007ffdc3d69000 	C:\WINDOWS\System32\sechost.dll
0x00007ffdc13a0000 - 0x00007ffdc14c1000 	C:\WINDOWS\System32\RPCRT4.dll
0x00007ffdc14d0000 - 0x00007ffdc1635000 	C:\WINDOWS\System32\USER32.dll
0x00007ffdc1090000 - 0x00007ffdc10ae000 	C:\WINDOWS\System32\win32u.dll
0x00007ffdc1640000 - 0x00007ffdc1674000 	C:\WINDOWS\System32\GDI32.dll
0x00007ffdc0ea0000 - 0x00007ffdc1022000 	C:\WINDOWS\System32\gdi32full.dll
0x00007ffdb5b80000 - 0x00007ffdb5dfa000 	C:\WINDOWS\WinSxS\amd64_microsoft.windows.common-controls_6595b64144ccf1df_6.0.14393.953_none_42151e83c686086b\COMCTL32.dll
0x00007ffdc33f0000 - 0x00007ffdc36b8000 	C:\WINDOWS\System32\combase.dll
0x00007ffdc02d0000 - 0x00007ffdc03c5000 	C:\WINDOWS\System32\ucrtbase.dll
0x00007ffdc0480000 - 0x00007ffdc04ea000 	C:\WINDOWS\System32\bcryptPrimitives.dll
0x00007ffdc1370000 - 0x00007ffdc139e000 	C:\WINDOWS\System32\IMM32.DLL
0x000000006cf20000 - 0x000000006cff2000 	C:\Program Files\Java\jdk1.7.0_67\jre\bin\msvcr100.dll
0x000000006c510000 - 0x000000006cce2000 	C:\Program Files\Java\jdk1.7.0_67\jre\bin\server\jvm.dll
0x00007ffdc3380000 - 0x00007ffdc3388000 	C:\WINDOWS\System32\PSAPI.DLL
0x00007ffda2090000 - 0x00007ffda2099000 	C:\WINDOWS\SYSTEM32\WSOCK32.dll
0x00007ffdbe740000 - 0x00007ffdbe763000 	C:\WINDOWS\SYSTEM32\WINMM.dll
0x00007ffdc3d70000 - 0x00007ffdc3dda000 	C:\WINDOWS\System32\WS2_32.dll
0x00007ffdbe710000 - 0x00007ffdbe73b000 	C:\WINDOWS\SYSTEM32\WINMMBASE.dll
0x00007ffdc10b0000 - 0x00007ffdc10f2000 	C:\WINDOWS\System32\cfgmgr32.dll
0x000000006d4b0000 - 0x000000006d4bf000 	C:\Program Files\Java\jdk1.7.0_67\jre\bin\verify.dll
0x000000006d480000 - 0x000000006d4a8000 	C:\Program Files\Java\jdk1.7.0_67\jre\bin\java.dll
0x000000006d460000 - 0x000000006d475000 	C:\Program Files\Java\jdk1.7.0_67\jre\bin\zip.dll
0x000000006d330000 - 0x000000006d349000 	C:\Program Files\Java\jdk1.7.0_67\jre\bin\net.dll
0x00007ffdbfb70000 - 0x00007ffdbfbcc000 	C:\WINDOWS\system32\mswsock.dll
0x000000006d310000 - 0x000000006d321000 	C:\Program Files\Java\jdk1.7.0_67\jre\bin\nio.dll

VM Arguments:
jvm_args: -Xmx1024M -Dfile.encoding=windows-1252 -Duser.country=US -Duser.language=en -Duser.variant 
java_command: com.android.dx.command.Main --dex --num-threads=4 --multi-dex --main-dex-list E:\kuliah\Semester 6\mobile\Final\QuizApplication\app\build\intermediates\multi-dex\debug\maindexlist.txt --output E:\kuliah\Semester 6\mobile\Final\QuizApplication\app\build\intermediates\dex\debug E:\kuliah\Semester 6\mobile\Final\QuizApplication\app\build\intermediates\multi-dex\debug\allclasses.jar
Launcher Type: SUN_STANDARD

Environment Variables:
PATH=E:\app\ikhwan\product\12.1.0\dbhome_1\bin;C:\ProgramData\Oracle\Java\javapath;C:\WINDOWS\system32;C:\WINDOWS;C:\WINDOWS\System32\Wbem;C:\WINDOWS\System32\WindowsPowerShell\v1.0\;C:\Program Files\Microsoft SQL Server\Client SDK\ODBC\110\Tools\Binn\;C:\Program Files (x86)\Microsoft SQL Server\120\Tools\Binn\;C:\Program Files\Microsoft SQL Server\120\Tools\Binn\;C:\Program Files\Microsoft SQL Server\120\DTS\Binn\;C:\Program Files (x86)\Microsoft SQL Server\120\Tools\Binn\ManagementStudio\;C:\Program Files (x86)\Microsoft SQL Server\120\DTS\Binn\;C:\WINDOWS\system32\config\systemprofile\.dnx\bin;C:\Program Files\Microsoft DNX\Dnvm\;C:\Users\ikhwan\AppData\Local\Microsoft\WindowsApps;
USERNAME=ikhwan
OS=Windows_NT
PROCESSOR_IDENTIFIER=Intel64 Family 6 Model 37 Stepping 5, GenuineIntel



---------------  S Y S T E M  ---------------

OS: Windows 8.1 , 64 bit Build 9600 

CPU:total 4 (2 cores per cpu, 2 threads per core) family 6 model 37 stepping 5, cmov, cx8, fxsr, mmx, sse, sse2, sse3, ssse3, sse4.1, sse4.2, popcnt, ht, tsc, tscinvbit

Memory: 4k page, physical 3987308k(376340k free), swap 5402476k(6376k free)

vm_info: Java HotSpot(TM) 64-Bit Server VM (24.65-b04) for windows-amd64 JRE (1.7.0_67-b01), built on Jul 25 2014 08:55:00 by "java_re" with unknown MS VC++:1600

time: Tue May 30 22:56:56 2017
elapsed time: 18 seconds

